<?xml version="1.0" encoding="UTF-8"?>
<testng-results ignored="0" total="5" passed="5" failed="0" skipped="0">
  <reporter-output>
  </reporter-output>
  <suite started-at="2025-07-31T01:23:06 CDT" name="Default suite" finished-at="2025-07-31T01:23:10 CDT" duration-ms="4864">
    <groups>
      <group name="cucumber">
        <method signature="AbstractTestNGCucumberTests.runScenario(io.cucumber.testng.PickleWrapper,io.cucumber.testng.FeatureWrapper)[pri:0, instance:com.CalorieHackers_Runner.TestRunner@19e7a160]" name="runScenario" class="io.cucumber.testng.AbstractTestNGCucumberTests"/>
      </group> <!-- cucumber -->
    </groups>
    <test started-at="2025-07-31T01:23:06 CDT" name="Default test" finished-at="2025-07-31T01:23:10 CDT" duration-ms="4864">
      <class name="com.CalorieHackers_Runner.TestRunner">
        <test-method is-config="true" signature="setUpClass(org.testng.ITestContext)[pri:0, instance:com.CalorieHackers_Runner.TestRunner@19e7a160]" started-at="2025-07-31T01:23:06 CDT" name="setUpClass" finished-at="2025-07-31T01:23:06 CDT" duration-ms="470" status="PASS">
          <params>
            <param index="0">
              <value>
                <![CDATA[org.testng.TestRunner@28dacf31]]>
              </value>
            </param>
          </params>
          <reporter-output>
          </reporter-output>
        </test-method> <!-- setUpClass -->
        <test-method signature="runScenario(io.cucumber.testng.PickleWrapper,io.cucumber.testng.FeatureWrapper)[pri:0, instance:com.CalorieHackers_Runner.TestRunner@19e7a160]" started-at="2025-07-31T01:23:06 CDT" name="runScenario" description="Runs Cucumber Scenarios" data-provider="scenarios" finished-at="2025-07-31T01:23:08 CDT" duration-ms="2041" status="PASS">
          <params>
            <param index="0">
              <value>
                <![CDATA["Check user able to login as admin with invalid email"]]>
              </value>
            </param>
            <param index="1">
              <value>
                <![CDATA["POST (/LOGIN)"]]>
              </value>
            </param>
          </params>
          <reporter-output>
          </reporter-output>
        </test-method> <!-- runScenario -->
        <test-method signature="runScenario(io.cucumber.testng.PickleWrapper,io.cucumber.testng.FeatureWrapper)[pri:0, instance:com.CalorieHackers_Runner.TestRunner@19e7a160]" started-at="2025-07-31T01:23:08 CDT" name="runScenario" description="Runs Cucumber Scenarios" data-provider="scenarios" finished-at="2025-07-31T01:23:09 CDT" duration-ms="569" status="PASS">
          <params>
            <param index="0">
              <value>
                <![CDATA["Check user able to login as admin with invalid email format"]]>
              </value>
            </param>
            <param index="1">
              <value>
                <![CDATA["POST (/LOGIN)"]]>
              </value>
            </param>
          </params>
          <reporter-output>
          </reporter-output>
        </test-method> <!-- runScenario -->
        <test-method signature="runScenario(io.cucumber.testng.PickleWrapper,io.cucumber.testng.FeatureWrapper)[pri:0, instance:com.CalorieHackers_Runner.TestRunner@19e7a160]" started-at="2025-07-31T01:23:09 CDT" name="runScenario" description="Runs Cucumber Scenarios" data-provider="scenarios" finished-at="2025-07-31T01:23:09 CDT" duration-ms="650" status="PASS">
          <params>
            <param index="0">
              <value>
                <![CDATA["Check user able to login as admin with invalid Password"]]>
              </value>
            </param>
            <param index="1">
              <value>
                <![CDATA["POST (/LOGIN)"]]>
              </value>
            </param>
          </params>
          <reporter-output>
          </reporter-output>
        </test-method> <!-- runScenario -->
        <test-method signature="runScenario(io.cucumber.testng.PickleWrapper,io.cucumber.testng.FeatureWrapper)[pri:0, instance:com.CalorieHackers_Runner.TestRunner@19e7a160]" started-at="2025-07-31T01:23:09 CDT" name="runScenario" description="Runs Cucumber Scenarios" data-provider="scenarios" finished-at="2025-07-31T01:23:10 CDT" duration-ms="439" status="PASS">
          <params>
            <param index="0">
              <value>
                <![CDATA["Check user able to login as admin with empty credentials"]]>
              </value>
            </param>
            <param index="1">
              <value>
                <![CDATA["POST (/LOGIN)"]]>
              </value>
            </param>
          </params>
          <reporter-output>
          </reporter-output>
        </test-method> <!-- runScenario -->
        <test-method signature="runScenario(io.cucumber.testng.PickleWrapper,io.cucumber.testng.FeatureWrapper)[pri:0, instance:com.CalorieHackers_Runner.TestRunner@19e7a160]" started-at="2025-07-31T01:23:10 CDT" name="runScenario" description="Runs Cucumber Scenarios" data-provider="scenarios" finished-at="2025-07-31T01:23:10 CDT" duration-ms="620" status="PASS">
          <params>
            <param index="0">
              <value>
                <![CDATA["Check user able to login as admin with valid data"]]>
              </value>
            </param>
            <param index="1">
              <value>
                <![CDATA["POST (/LOGIN)"]]>
              </value>
            </param>
          </params>
          <reporter-output>
          </reporter-output>
        </test-method> <!-- runScenario -->
        <test-method is-config="true" signature="tearDownClass()[pri:0, instance:com.CalorieHackers_Runner.TestRunner@19e7a160]" started-at="2025-07-31T01:23:10 CDT" name="tearDownClass" finished-at="2025-07-31T01:23:10 CDT" duration-ms="45" status="PASS">
          <reporter-output>
          </reporter-output>
        </test-method> <!-- tearDownClass -->
      </class> <!-- com.CalorieHackers_Runner.TestRunner -->
    </test> <!-- Default test -->
  </suite> <!-- Default suite -->
</testng-results>
